-------------------------------------------------------------------------------
Test set: pupdesk.services.TestRegisterFeature
-------------------------------------------------------------------------------
Tests run: 3, Failures: 1, Errors: 0, Skipped: 0, Time elapsed: 0.063 s <<< FAILURE! - in pupdesk.services.TestRegisterFeature
testRegistrationSuccess  Time elapsed: 0.061 s  <<< FAILURE!
org.opentest4j.AssertionFailedError: 
	at pupdesk.services.TestRegisterFeature.testRegistrationSuccess(TestRegisterFeature.java:41)

